Determining if the pthread_create exist failed with the following output:
Change Dir: /home/rtml/Desktop/realTime_lidar_reproj/build/CMakeFiles/CMakeTmp

Run Build Command:"/usr/bin/make" "cmTC_d65bb/fast"
/usr/bin/make -f CMakeFiles/cmTC_d65bb.dir/build.make CMakeFiles/cmTC_d65bb.dir/build
make[1]: Entering directory '/home/rtml/Desktop/realTime_lidar_reproj/build/CMakeFiles/CMakeTmp'
Building C object CMakeFiles/cmTC_d65bb.dir/CheckSymbolExists.c.o
/usr/bin/cc    -o CMakeFiles/cmTC_d65bb.dir/CheckSymbolExists.c.o   -c /home/rtml/Desktop/realTime_lidar_reproj/build/CMakeFiles/CMakeTmp/CheckSymbolExists.c
Linking C executable cmTC_d65bb
/usr/bin/cmake -E cmake_link_script CMakeFiles/cmTC_d65bb.dir/link.txt --verbose=1
/usr/bin/cc      CMakeFiles/cmTC_d65bb.dir/CheckSymbolExists.c.o  -o cmTC_d65bb 
CMakeFiles/cmTC_d65bb.dir/CheckSymbolExists.c.o: In function `main':
CheckSymbolExists.c:(.text+0x1b): undefined reference to `pthread_create'
collect2: error: ld returned 1 exit status
CMakeFiles/cmTC_d65bb.dir/build.make:97: recipe for target 'cmTC_d65bb' failed
make[1]: *** [cmTC_d65bb] Error 1
make[1]: Leaving directory '/home/rtml/Desktop/realTime_lidar_reproj/build/CMakeFiles/CMakeTmp'
Makefile:126: recipe for target 'cmTC_d65bb/fast' failed
make: *** [cmTC_d65bb/fast] Error 2

File /home/rtml/Desktop/realTime_lidar_reproj/build/CMakeFiles/CMakeTmp/CheckSymbolExists.c:
/* */
#include <pthread.h>

int main(int argc, char** argv)
{
  (void)argv;
#ifndef pthread_create
  return ((int*)(&pthread_create))[argc];
#else
  (void)argc;
  return 0;
#endif
}

Determining if the function pthread_create exists in the pthreads failed with the following output:
Change Dir: /home/rtml/Desktop/realTime_lidar_reproj/build/CMakeFiles/CMakeTmp

Run Build Command:"/usr/bin/make" "cmTC_46c47/fast"
/usr/bin/make -f CMakeFiles/cmTC_46c47.dir/build.make CMakeFiles/cmTC_46c47.dir/build
make[1]: Entering directory '/home/rtml/Desktop/realTime_lidar_reproj/build/CMakeFiles/CMakeTmp'
Building C object CMakeFiles/cmTC_46c47.dir/CheckFunctionExists.c.o
/usr/bin/cc   -DCHECK_FUNCTION_EXISTS=pthread_create   -o CMakeFiles/cmTC_46c47.dir/CheckFunctionExists.c.o   -c /usr/share/cmake-3.10/Modules/CheckFunctionExists.c
Linking C executable cmTC_46c47
/usr/bin/cmake -E cmake_link_script CMakeFiles/cmTC_46c47.dir/link.txt --verbose=1
/usr/bin/cc  -DCHECK_FUNCTION_EXISTS=pthread_create    CMakeFiles/cmTC_46c47.dir/CheckFunctionExists.c.o  -o cmTC_46c47 -lpthreads 
/usr/bin/ld: cannot find -lpthreads
collect2: error: ld returned 1 exit status
CMakeFiles/cmTC_46c47.dir/build.make:97: recipe for target 'cmTC_46c47' failed
make[1]: *** [cmTC_46c47] Error 1
make[1]: Leaving directory '/home/rtml/Desktop/realTime_lidar_reproj/build/CMakeFiles/CMakeTmp'
Makefile:126: recipe for target 'cmTC_46c47/fast' failed
make: *** [cmTC_46c47/fast] Error 2


